{"/home/labarca/GITs/Microverse/Module2/Week5/Day1/CapstoneJS-API-Webapp/src/Involvement_API.js": {"path":"/home/labarca/GITs/Microverse/Module2/Week5/Day1/CapstoneJS-API-Webapp/src/Involvement_API.js","statementMap":{"0":{"start":{"line":2,"column":26},"end":{"line":36,"column":3}},"1":{"start":{"line":6,"column":22},"end":{"line":11,"column":7}},"2":{"start":{"line":12,"column":6},"end":{"line":12,"column":21}},"3":{"start":{"line":15,"column":18},"end":{"line":15,"column":108}},"4":{"start":{"line":16,"column":22},"end":{"line":16,"column":68}},"5":{"start":{"line":17,"column":6},"end":{"line":17,"column":45}},"6":{"start":{"line":18,"column":23},"end":{"line":18,"column":48}},"7":{"start":{"line":19,"column":6},"end":{"line":21,"column":7}},"8":{"start":{"line":20,"column":8},"end":{"line":20,"column":31}},"9":{"start":{"line":22,"column":6},"end":{"line":22,"column":29}},"10":{"start":{"line":25,"column":22},"end":{"line":27,"column":7}},"11":{"start":{"line":28,"column":6},"end":{"line":28,"column":80}},"12":{"start":{"line":31,"column":20},"end":{"line":31,"column":76}},"13":{"start":{"line":33,"column":33},"end":{"line":33,"column":105}},"14":{"start":{"line":35,"column":29},"end":{"line":35,"column":106}},"15":{"start":{"line":39,"column":16},"end":{"line":39,"column":28}}},"fnMap":{"0":{"name":"(anonymous_0)","decl":{"start":{"line":5,"column":17},"end":{"line":5,"column":18}},"loc":{"start":{"line":5,"column":32},"end":{"line":13,"column":5}},"line":5},"1":{"name":"(anonymous_1)","decl":{"start":{"line":14,"column":19},"end":{"line":14,"column":20}},"loc":{"start":{"line":14,"column":53},"end":{"line":23,"column":5}},"line":14},"2":{"name":"(anonymous_2)","decl":{"start":{"line":24,"column":14},"end":{"line":24,"column":15}},"loc":{"start":{"line":24,"column":26},"end":{"line":29,"column":5}},"line":24},"3":{"name":"(anonymous_3)","decl":{"start":{"line":31,"column":14},"end":{"line":31,"column":15}},"loc":{"start":{"line":31,"column":20},"end":{"line":31,"column":76}},"line":31},"4":{"name":"(anonymous_4)","decl":{"start":{"line":33,"column":17},"end":{"line":33,"column":18}},"loc":{"start":{"line":33,"column":33},"end":{"line":33,"column":105}},"line":33},"5":{"name":"(anonymous_5)","decl":{"start":{"line":35,"column":17},"end":{"line":35,"column":18}},"loc":{"start":{"line":35,"column":29},"end":{"line":35,"column":106}},"line":35}},"branchMap":{"0":{"loc":{"start":{"line":19,"column":6},"end":{"line":21,"column":7}},"type":"if","locations":[{"start":{"line":19,"column":6},"end":{"line":21,"column":7}},{"start":{},"end":{}}],"line":19}},"s":{"0":1,"1":0,"2":0,"3":0,"4":0,"5":0,"6":0,"7":0,"8":0,"9":0,"10":0,"11":0,"12":0,"13":0,"14":0,"15":1},"f":{"0":0,"1":0,"2":0,"3":0,"4":0,"5":0},"b":{"0":[0,0]},"_coverageSchema":"1a1c01bbd47fc00a2c39e90264f33305004495a9","hash":"31f9841481166064364cb85a61d7dc657cf6d157"}
,"/home/labarca/GITs/Microverse/Module2/Week5/Day1/CapstoneJS-API-Webapp/src/PokeTCG_API.js": {"path":"/home/labarca/GITs/Microverse/Module2/Week5/Day1/CapstoneJS-API-Webapp/src/PokeTCG_API.js","statementMap":{"0":{"start":{"line":2,"column":17},"end":{"line":24,"column":5}},"1":{"start":{"line":5,"column":24},"end":{"line":10,"column":9}},"2":{"start":{"line":11,"column":8},"end":{"line":11,"column":23}},"3":{"start":{"line":14,"column":20},"end":{"line":14,"column":51}},"4":{"start":{"line":15,"column":24},"end":{"line":15,"column":58}},"5":{"start":{"line":16,"column":25},"end":{"line":16,"column":50}},"6":{"start":{"line":17,"column":8},"end":{"line":17,"column":31}},"7":{"start":{"line":20,"column":8},"end":{"line":20,"column":41}},"8":{"start":{"line":22,"column":38},"end":{"line":22,"column":83}},"9":{"start":{"line":23,"column":32},"end":{"line":23,"column":89}},"10":{"start":{"line":27,"column":19},"end":{"line":27,"column":32}}},"fnMap":{"0":{"name":"(anonymous_0)","decl":{"start":{"line":4,"column":19},"end":{"line":4,"column":20}},"loc":{"start":{"line":4,"column":34},"end":{"line":12,"column":7}},"line":4},"1":{"name":"(anonymous_1)","decl":{"start":{"line":13,"column":21},"end":{"line":13,"column":22}},"loc":{"start":{"line":13,"column":38},"end":{"line":18,"column":7}},"line":13},"2":{"name":"(anonymous_2)","decl":{"start":{"line":19,"column":6},"end":{"line":19,"column":7}},"loc":{"start":{"line":19,"column":29},"end":{"line":21,"column":7}},"line":19},"3":{"name":"(anonymous_3)","decl":{"start":{"line":22,"column":26},"end":{"line":22,"column":27}},"loc":{"start":{"line":22,"column":38},"end":{"line":22,"column":83}},"line":22},"4":{"name":"(anonymous_4)","decl":{"start":{"line":23,"column":26},"end":{"line":23,"column":27}},"loc":{"start":{"line":23,"column":32},"end":{"line":23,"column":89}},"line":23}},"branchMap":{},"s":{"0":1,"1":0,"2":0,"3":0,"4":0,"5":0,"6":0,"7":0,"8":0,"9":0,"10":1},"f":{"0":0,"1":0,"2":0,"3":0,"4":0},"b":{},"_coverageSchema":"1a1c01bbd47fc00a2c39e90264f33305004495a9","hash":"7863b8dc94fd79ff568ce0b20aadd5733f60d7b7"}
,"/home/labarca/GITs/Microverse/Module2/Week5/Day1/CapstoneJS-API-Webapp/src/commentsCounter.js": {"path":"/home/labarca/GITs/Microverse/Module2/Week5/Day1/CapstoneJS-API-Webapp/src/commentsCounter.js","statementMap":{"0":{"start":{"line":1,"column":23},"end":{"line":4,"column":1}},"1":{"start":{"line":2,"column":16},"end":{"line":2,"column":55}},"2":{"start":{"line":3,"column":2},"end":{"line":3,"column":15}}},"fnMap":{"0":{"name":"(anonymous_0)","decl":{"start":{"line":1,"column":23},"end":{"line":1,"column":24}},"loc":{"start":{"line":1,"column":38},"end":{"line":4,"column":1}},"line":1}},"branchMap":{"0":{"loc":{"start":{"line":2,"column":16},"end":{"line":2,"column":55}},"type":"cond-expr","locations":[{"start":{"line":2,"column":35},"end":{"line":2,"column":51}},{"start":{"line":2,"column":54},"end":{"line":2,"column":55}}],"line":2}},"s":{"0":1,"1":1,"2":1},"f":{"0":1},"b":{"0":[1,0]},"_coverageSchema":"1a1c01bbd47fc00a2c39e90264f33305004495a9","hash":"5f070c4799b9c659c20f3ea5ac7e106d2bf4669d"}
,"/home/labarca/GITs/Microverse/Module2/Week5/Day1/CapstoneJS-API-Webapp/src/homepage.js": {"path":"/home/labarca/GITs/Microverse/Module2/Week5/Day1/CapstoneJS-API-Webapp/src/homepage.js","statementMap":{"0":{"start":{"line":5,"column":18},"end":{"line":5,"column":54}},"1":{"start":{"line":6,"column":23},"end":{"line":6,"column":71}},"2":{"start":{"line":7,"column":24},"end":{"line":7,"column":63}},"3":{"start":{"line":8,"column":22},"end":{"line":8,"column":62}},"4":{"start":{"line":9,"column":23},"end":{"line":9,"column":65}},"5":{"start":{"line":11,"column":24},"end":{"line":14,"column":1}},"6":{"start":{"line":12,"column":27},"end":{"line":12,"column":75}},"7":{"start":{"line":13,"column":2},"end":{"line":13,"column":41}},"8":{"start":{"line":16,"column":24},"end":{"line":19,"column":2}},"9":{"start":{"line":16,"column":39},"end":{"line":19,"column":2}},"10":{"start":{"line":17,"column":26},"end":{"line":17,"column":75}},"11":{"start":{"line":17,"column":48},"end":{"line":17,"column":74}},"12":{"start":{"line":18,"column":2},"end":{"line":18,"column":34}},"13":{"start":{"line":21,"column":27},"end":{"line":24,"column":1}},"14":{"start":{"line":22,"column":24},"end":{"line":22,"column":58}},"15":{"start":{"line":23,"column":2},"end":{"line":23,"column":30}},"16":{"start":{"line":26,"column":29},"end":{"line":29,"column":1}},"17":{"start":{"line":27,"column":24},"end":{"line":27,"column":64}},"18":{"start":{"line":28,"column":2},"end":{"line":28,"column":44}},"19":{"start":{"line":31,"column":23},"end":{"line":101,"column":1}},"20":{"start":{"line":32,"column":24},"end":{"line":32,"column":53}},"21":{"start":{"line":33,"column":15},"end":{"line":33,"column":44}},"22":{"start":{"line":34,"column":23},"end":{"line":34,"column":52}},"23":{"start":{"line":35,"column":19},"end":{"line":35,"column":48}},"24":{"start":{"line":36,"column":20},"end":{"line":36,"column":48}},"25":{"start":{"line":37,"column":28},"end":{"line":37,"column":55}},"26":{"start":{"line":38,"column":19},"end":{"line":38,"column":46}},"27":{"start":{"line":39,"column":20},"end":{"line":39,"column":50}},"28":{"start":{"line":40,"column":19},"end":{"line":40,"column":46}},"29":{"start":{"line":41,"column":24},"end":{"line":41,"column":51}},"30":{"start":{"line":42,"column":2},"end":{"line":42,"column":72}},"31":{"start":{"line":43,"column":2},"end":{"line":43,"column":81}},"32":{"start":{"line":44,"column":2},"end":{"line":44,"column":45}},"33":{"start":{"line":45,"column":2},"end":{"line":45,"column":61}},"34":{"start":{"line":46,"column":2},"end":{"line":46,"column":42}},"35":{"start":{"line":47,"column":2},"end":{"line":47,"column":93}},"36":{"start":{"line":48,"column":2},"end":{"line":48,"column":115}},"37":{"start":{"line":49,"column":2},"end":{"line":49,"column":37}},"38":{"start":{"line":50,"column":2},"end":{"line":50,"column":121}},"39":{"start":{"line":51,"column":2},"end":{"line":51,"column":120}},"40":{"start":{"line":52,"column":2},"end":{"line":52,"column":93}},"41":{"start":{"line":53,"column":2},"end":{"line":53,"column":42}},"42":{"start":{"line":54,"column":2},"end":{"line":54,"column":26}},"43":{"start":{"line":55,"column":2},"end":{"line":55,"column":96}},"44":{"start":{"line":56,"column":2},"end":{"line":56,"column":62}},"45":{"start":{"line":57,"column":2},"end":{"line":57,"column":61}},"46":{"start":{"line":58,"column":2},"end":{"line":58,"column":51}},"47":{"start":{"line":59,"column":2},"end":{"line":59,"column":39}},"48":{"start":{"line":61,"column":2},"end":{"line":61,"column":42}},"49":{"start":{"line":62,"column":2},"end":{"line":62,"column":34}},"50":{"start":{"line":63,"column":2},"end":{"line":63,"column":42}},"51":{"start":{"line":64,"column":2},"end":{"line":64,"column":34}},"52":{"start":{"line":65,"column":2},"end":{"line":65,"column":33}},"53":{"start":{"line":66,"column":2},"end":{"line":66,"column":38}},"54":{"start":{"line":67,"column":2},"end":{"line":67,"column":33}},"55":{"start":{"line":68,"column":2},"end":{"line":68,"column":29}},"56":{"start":{"line":69,"column":2},"end":{"line":69,"column":34}},"57":{"start":{"line":70,"column":2},"end":{"line":70,"column":39}},"58":{"start":{"line":86,"column":2},"end":{"line":92,"column":5}},"59":{"start":{"line":87,"column":4},"end":{"line":91,"column":7}},"60":{"start":{"line":88,"column":6},"end":{"line":90,"column":9}},"61":{"start":{"line":89,"column":8},"end":{"line":89,"column":42}},"62":{"start":{"line":94,"column":2},"end":{"line":100,"column":5}},"63":{"start":{"line":95,"column":4},"end":{"line":95,"column":46}},"64":{"start":{"line":96,"column":4},"end":{"line":96,"column":44}},"65":{"start":{"line":97,"column":4},"end":{"line":97,"column":42}},"66":{"start":{"line":98,"column":4},"end":{"line":98,"column":43}},"67":{"start":{"line":99,"column":4},"end":{"line":99,"column":30}},"68":{"start":{"line":103,"column":27},"end":{"line":118,"column":1}},"69":{"start":{"line":104,"column":2},"end":{"line":117,"column":5}},"70":{"start":{"line":105,"column":4},"end":{"line":107,"column":7}},"71":{"start":{"line":106,"column":6},"end":{"line":106,"column":30}},"72":{"start":{"line":108,"column":4},"end":{"line":108,"column":21}},"73":{"start":{"line":110,"column":4},"end":{"line":114,"column":7}},"74":{"start":{"line":111,"column":6},"end":{"line":113,"column":9}},"75":{"start":{"line":112,"column":8},"end":{"line":112,"column":42}},"76":{"start":{"line":115,"column":24},"end":{"line":115,"column":44}},"77":{"start":{"line":116,"column":4},"end":{"line":116,"column":38}}},"fnMap":{"0":{"name":"(anonymous_0)","decl":{"start":{"line":11,"column":24},"end":{"line":11,"column":25}},"loc":{"start":{"line":11,"column":50},"end":{"line":14,"column":1}},"line":11},"1":{"name":"(anonymous_1)","decl":{"start":{"line":16,"column":24},"end":{"line":16,"column":25}},"loc":{"start":{"line":16,"column":39},"end":{"line":19,"column":2}},"line":16},"2":{"name":"(anonymous_2)","decl":{"start":{"line":16,"column":85},"end":{"line":16,"column":86}},"loc":{"start":{"line":16,"column":95},"end":{"line":19,"column":1}},"line":16},"3":{"name":"(anonymous_3)","decl":{"start":{"line":17,"column":38},"end":{"line":17,"column":39}},"loc":{"start":{"line":17,"column":48},"end":{"line":17,"column":74}},"line":17},"4":{"name":"(anonymous_4)","decl":{"start":{"line":21,"column":27},"end":{"line":21,"column":28}},"loc":{"start":{"line":21,"column":33},"end":{"line":24,"column":1}},"line":21},"5":{"name":"(anonymous_5)","decl":{"start":{"line":26,"column":29},"end":{"line":26,"column":30}},"loc":{"start":{"line":26,"column":42},"end":{"line":29,"column":1}},"line":26},"6":{"name":"(anonymous_6)","decl":{"start":{"line":31,"column":23},"end":{"line":31,"column":24}},"loc":{"start":{"line":31,"column":36},"end":{"line":101,"column":1}},"line":31},"7":{"name":"(anonymous_7)","decl":{"start":{"line":86,"column":46},"end":{"line":86,"column":47}},"loc":{"start":{"line":86,"column":52},"end":{"line":92,"column":3}},"line":86},"8":{"name":"(anonymous_8)","decl":{"start":{"line":87,"column":60},"end":{"line":87,"column":61}},"loc":{"start":{"line":87,"column":66},"end":{"line":91,"column":5}},"line":87},"9":{"name":"(anonymous_9)","decl":{"start":{"line":88,"column":39},"end":{"line":88,"column":40}},"loc":{"start":{"line":88,"column":49},"end":{"line":90,"column":7}},"line":88},"10":{"name":"(anonymous_10)","decl":{"start":{"line":94,"column":42},"end":{"line":94,"column":43}},"loc":{"start":{"line":94,"column":48},"end":{"line":100,"column":3}},"line":94},"11":{"name":"(anonymous_11)","decl":{"start":{"line":103,"column":27},"end":{"line":103,"column":28}},"loc":{"start":{"line":103,"column":33},"end":{"line":118,"column":1}},"line":103},"12":{"name":"(anonymous_12)","decl":{"start":{"line":104,"column":50},"end":{"line":104,"column":51}},"loc":{"start":{"line":104,"column":60},"end":{"line":109,"column":3}},"line":104},"13":{"name":"(anonymous_13)","decl":{"start":{"line":105,"column":22},"end":{"line":105,"column":23}},"loc":{"start":{"line":105,"column":35},"end":{"line":107,"column":5}},"line":105},"14":{"name":"(anonymous_14)","decl":{"start":{"line":109,"column":10},"end":{"line":109,"column":11}},"loc":{"start":{"line":109,"column":32},"end":{"line":117,"column":3}},"line":109},"15":{"name":"(anonymous_15)","decl":{"start":{"line":110,"column":29},"end":{"line":110,"column":30}},"loc":{"start":{"line":110,"column":42},"end":{"line":114,"column":5}},"line":110},"16":{"name":"(anonymous_16)","decl":{"start":{"line":111,"column":39},"end":{"line":111,"column":40}},"loc":{"start":{"line":111,"column":49},"end":{"line":113,"column":7}},"line":111}},"branchMap":{"0":{"loc":{"start":{"line":56,"column":23},"end":{"line":56,"column":61}},"type":"binary-expr","locations":[{"start":{"line":56,"column":23},"end":{"line":56,"column":41}},{"start":{"line":56,"column":45},"end":{"line":56,"column":61}}],"line":56}},"s":{"0":1,"1":1,"2":1,"3":1,"4":1,"5":1,"6":0,"7":0,"8":1,"9":0,"10":0,"11":0,"12":0,"13":1,"14":1,"15":1,"16":1,"17":0,"18":0,"19":1,"20":0,"21":0,"22":0,"23":0,"24":0,"25":0,"26":0,"27":0,"28":0,"29":0,"30":0,"31":0,"32":0,"33":0,"34":0,"35":0,"36":0,"37":0,"38":0,"39":0,"40":0,"41":0,"42":0,"43":0,"44":0,"45":0,"46":0,"47":0,"48":0,"49":0,"50":0,"51":0,"52":0,"53":0,"54":0,"55":0,"56":0,"57":0,"58":0,"59":0,"60":0,"61":0,"62":0,"63":0,"64":0,"65":0,"66":0,"67":0,"68":1,"69":0,"70":0,"71":0,"72":0,"73":0,"74":0,"75":0,"76":0,"77":0},"f":{"0":0,"1":0,"2":0,"3":0,"4":1,"5":0,"6":0,"7":0,"8":0,"9":0,"10":0,"11":0,"12":0,"13":0,"14":0,"15":0,"16":0},"b":{"0":[0,0]},"_coverageSchema":"1a1c01bbd47fc00a2c39e90264f33305004495a9","hash":"459c5b4798ebe9e1892d8a09a113bac9e2d4d861"}
,"/home/labarca/GITs/Microverse/Module2/Week5/Day1/CapstoneJS-API-Webapp/src/modal-comment.js": {"path":"/home/labarca/GITs/Microverse/Module2/Week5/Day1/CapstoneJS-API-Webapp/src/modal-comment.js","statementMap":{"0":{"start":{"line":5,"column":23},"end":{"line":5,"column":71}},"1":{"start":{"line":6,"column":24},"end":{"line":6,"column":63}},"2":{"start":{"line":7,"column":22},"end":{"line":7,"column":62}},"3":{"start":{"line":8,"column":23},"end":{"line":8,"column":65}},"4":{"start":{"line":9,"column":22},"end":{"line":11,"column":1}},"5":{"start":{"line":9,"column":34},"end":{"line":11,"column":1}},"6":{"start":{"line":10,"column":16},"end":{"line":10,"column":31}},"7":{"start":{"line":13,"column":25},"end":{"line":30,"column":1}},"8":{"start":{"line":14,"column":22},"end":{"line":14,"column":51}},"9":{"start":{"line":15,"column":26},"end":{"line":15,"column":55}},"10":{"start":{"line":16,"column":26},"end":{"line":16,"column":55}},"11":{"start":{"line":17,"column":29},"end":{"line":17,"column":58}},"12":{"start":{"line":18,"column":2},"end":{"line":18,"column":43}},"13":{"start":{"line":19,"column":2},"end":{"line":19,"column":49}},"14":{"start":{"line":20,"column":2},"end":{"line":20,"column":68}},"15":{"start":{"line":21,"column":2},"end":{"line":21,"column":78}},"16":{"start":{"line":22,"column":2},"end":{"line":22,"column":70}},"17":{"start":{"line":23,"column":2},"end":{"line":23,"column":55}},"18":{"start":{"line":24,"column":2},"end":{"line":24,"column":56}},"19":{"start":{"line":25,"column":2},"end":{"line":25,"column":52}},"20":{"start":{"line":26,"column":2},"end":{"line":26,"column":43}},"21":{"start":{"line":27,"column":2},"end":{"line":27,"column":43}},"22":{"start":{"line":28,"column":2},"end":{"line":28,"column":46}},"23":{"start":{"line":29,"column":2},"end":{"line":29,"column":21}},"24":{"start":{"line":32,"column":23},"end":{"line":59,"column":1}},"25":{"start":{"line":33,"column":2},"end":{"line":33,"column":29}},"26":{"start":{"line":34,"column":26},"end":{"line":34,"column":56}},"27":{"start":{"line":35,"column":24},"end":{"line":35,"column":52}},"28":{"start":{"line":36,"column":2},"end":{"line":36,"column":44}},"29":{"start":{"line":37,"column":2},"end":{"line":37,"column":46}},"30":{"start":{"line":38,"column":2},"end":{"line":38,"column":39}},"31":{"start":{"line":39,"column":2},"end":{"line":41,"column":5}},"32":{"start":{"line":40,"column":4},"end":{"line":40,"column":45}},"33":{"start":{"line":42,"column":2},"end":{"line":42,"column":45}},"34":{"start":{"line":43,"column":2},"end":{"line":43,"column":41}},"35":{"start":{"line":44,"column":2},"end":{"line":58,"column":5}},"36":{"start":{"line":46,"column":4},"end":{"line":57,"column":5}},"37":{"start":{"line":47,"column":6},"end":{"line":51,"column":9}},"38":{"start":{"line":48,"column":23},"end":{"line":48,"column":49}},"39":{"start":{"line":49,"column":31},"end":{"line":49,"column":55}},"40":{"start":{"line":50,"column":8},"end":{"line":50,"column":48}},"41":{"start":{"line":52,"column":6},"end":{"line":52,"column":49}},"42":{"start":{"line":53,"column":11},"end":{"line":57,"column":5}},"43":{"start":{"line":54,"column":6},"end":{"line":54,"column":41}},"44":{"start":{"line":55,"column":6},"end":{"line":55,"column":49}},"45":{"start":{"line":56,"column":6},"end":{"line":56,"column":49}},"46":{"start":{"line":61,"column":25},"end":{"line":199,"column":1}},"47":{"start":{"line":62,"column":16},"end":{"line":62,"column":45}},"48":{"start":{"line":63,"column":19},"end":{"line":63,"column":48}},"49":{"start":{"line":64,"column":20},"end":{"line":64,"column":47}},"50":{"start":{"line":65,"column":20},"end":{"line":65,"column":49}},"51":{"start":{"line":66,"column":25},"end":{"line":66,"column":54}},"52":{"start":{"line":67,"column":25},"end":{"line":67,"column":53}},"53":{"start":{"line":68,"column":24},"end":{"line":68,"column":51}},"54":{"start":{"line":69,"column":21},"end":{"line":69,"column":50}},"55":{"start":{"line":70,"column":21},"end":{"line":70,"column":50}},"56":{"start":{"line":71,"column":25},"end":{"line":71,"column":54}},"57":{"start":{"line":72,"column":25},"end":{"line":72,"column":54}},"58":{"start":{"line":73,"column":28},"end":{"line":73,"column":57}},"59":{"start":{"line":74,"column":24},"end":{"line":74,"column":53}},"60":{"start":{"line":75,"column":28},"end":{"line":75,"column":57}},"61":{"start":{"line":76,"column":29},"end":{"line":76,"column":58}},"62":{"start":{"line":77,"column":28},"end":{"line":77,"column":57}},"63":{"start":{"line":78,"column":20},"end":{"line":78,"column":51}},"64":{"start":{"line":79,"column":23},"end":{"line":79,"column":54}},"65":{"start":{"line":80,"column":30},"end":{"line":80,"column":59}},"66":{"start":{"line":81,"column":31},"end":{"line":81,"column":60}},"67":{"start":{"line":82,"column":20},"end":{"line":82,"column":51}},"68":{"start":{"line":83,"column":23},"end":{"line":83,"column":54}},"69":{"start":{"line":84,"column":21},"end":{"line":84,"column":53}},"70":{"start":{"line":85,"column":18},"end":{"line":85,"column":47}},"71":{"start":{"line":86,"column":22},"end":{"line":86,"column":52}},"72":{"start":{"line":87,"column":31},"end":{"line":87,"column":60}},"73":{"start":{"line":88,"column":2},"end":{"line":88,"column":54}},"74":{"start":{"line":89,"column":2},"end":{"line":89,"column":67}},"75":{"start":{"line":90,"column":2},"end":{"line":90,"column":52}},"76":{"start":{"line":91,"column":2},"end":{"line":91,"column":97}},"77":{"start":{"line":92,"column":2},"end":{"line":92,"column":44}},"78":{"start":{"line":93,"column":2},"end":{"line":93,"column":47}},"79":{"start":{"line":94,"column":2},"end":{"line":94,"column":77}},"80":{"start":{"line":95,"column":2},"end":{"line":95,"column":78}},"81":{"start":{"line":96,"column":2},"end":{"line":96,"column":71}},"82":{"start":{"line":97,"column":2},"end":{"line":97,"column":118}},"83":{"start":{"line":98,"column":2},"end":{"line":98,"column":119}},"84":{"start":{"line":99,"column":2},"end":{"line":99,"column":49}},"85":{"start":{"line":100,"column":2},"end":{"line":100,"column":53}},"86":{"start":{"line":101,"column":2},"end":{"line":101,"column":41}},"87":{"start":{"line":102,"column":2},"end":{"line":102,"column":48}},"88":{"start":{"line":103,"column":2},"end":{"line":103,"column":37}},"89":{"start":{"line":104,"column":2},"end":{"line":104,"column":68}},"90":{"start":{"line":105,"column":2},"end":{"line":105,"column":44}},"91":{"start":{"line":106,"column":2},"end":{"line":106,"column":54}},"92":{"start":{"line":107,"column":2},"end":{"line":107,"column":37}},"93":{"start":{"line":108,"column":2},"end":{"line":108,"column":68}},"94":{"start":{"line":109,"column":2},"end":{"line":109,"column":84}},"95":{"start":{"line":110,"column":2},"end":{"line":110,"column":49}},"96":{"start":{"line":111,"column":2},"end":{"line":111,"column":105}},"97":{"start":{"line":112,"column":2},"end":{"line":112,"column":61}},"98":{"start":{"line":113,"column":2},"end":{"line":113,"column":29}},"99":{"start":{"line":114,"column":2},"end":{"line":114,"column":81}},"100":{"start":{"line":115,"column":2},"end":{"line":115,"column":79}},"101":{"start":{"line":116,"column":2},"end":{"line":116,"column":55}},"102":{"start":{"line":117,"column":2},"end":{"line":117,"column":33}},"103":{"start":{"line":118,"column":2},"end":{"line":118,"column":29}},"104":{"start":{"line":119,"column":2},"end":{"line":119,"column":41}},"105":{"start":{"line":120,"column":2},"end":{"line":120,"column":168}},"106":{"start":{"line":121,"column":2},"end":{"line":121,"column":138}},"107":{"start":{"line":122,"column":2},"end":{"line":122,"column":134}},"108":{"start":{"line":123,"column":2},"end":{"line":123,"column":134}},"109":{"start":{"line":124,"column":2},"end":{"line":124,"column":138}},"110":{"start":{"line":125,"column":2},"end":{"line":125,"column":138}},"111":{"start":{"line":126,"column":2},"end":{"line":126,"column":49}},"112":{"start":{"line":127,"column":2},"end":{"line":127,"column":50}},"113":{"start":{"line":128,"column":2},"end":{"line":128,"column":48}},"114":{"start":{"line":129,"column":2},"end":{"line":129,"column":73}},"115":{"start":{"line":130,"column":2},"end":{"line":130,"column":31}},"116":{"start":{"line":131,"column":2},"end":{"line":131,"column":42}},"117":{"start":{"line":132,"column":2},"end":{"line":132,"column":39}},"118":{"start":{"line":133,"column":2},"end":{"line":133,"column":50}},"119":{"start":{"line":134,"column":2},"end":{"line":134,"column":37}},"120":{"start":{"line":135,"column":2},"end":{"line":135,"column":38}},"121":{"start":{"line":136,"column":2},"end":{"line":136,"column":53}},"122":{"start":{"line":137,"column":2},"end":{"line":137,"column":28}},"123":{"start":{"line":138,"column":2},"end":{"line":138,"column":54}},"124":{"start":{"line":139,"column":2},"end":{"line":139,"column":34}},"125":{"start":{"line":140,"column":2},"end":{"line":140,"column":39}},"126":{"start":{"line":141,"column":2},"end":{"line":141,"column":44}},"127":{"start":{"line":142,"column":2},"end":{"line":142,"column":51}},"128":{"start":{"line":143,"column":2},"end":{"line":143,"column":45}},"129":{"start":{"line":144,"column":2},"end":{"line":144,"column":45}},"130":{"start":{"line":145,"column":2},"end":{"line":145,"column":53}},"131":{"start":{"line":146,"column":2},"end":{"line":146,"column":49}},"132":{"start":{"line":147,"column":2},"end":{"line":147,"column":49}},"133":{"start":{"line":148,"column":2},"end":{"line":148,"column":35}},"134":{"start":{"line":149,"column":2},"end":{"line":149,"column":55}},"135":{"start":{"line":150,"column":2},"end":{"line":150,"column":44}},"136":{"start":{"line":151,"column":2},"end":{"line":151,"column":47}},"137":{"start":{"line":152,"column":2},"end":{"line":152,"column":48}},"138":{"start":{"line":153,"column":2},"end":{"line":153,"column":37}},"139":{"start":{"line":154,"column":2},"end":{"line":154,"column":47}},"140":{"start":{"line":155,"column":2},"end":{"line":155,"column":47}},"141":{"start":{"line":156,"column":2},"end":{"line":156,"column":54}},"142":{"start":{"line":157,"column":2},"end":{"line":157,"column":34}},"143":{"start":{"line":158,"column":2},"end":{"line":158,"column":40}},"144":{"start":{"line":159,"column":2},"end":{"line":159,"column":40}},"145":{"start":{"line":160,"column":2},"end":{"line":160,"column":36}},"146":{"start":{"line":161,"column":2},"end":{"line":161,"column":36}},"147":{"start":{"line":162,"column":2},"end":{"line":162,"column":40}},"148":{"start":{"line":163,"column":2},"end":{"line":163,"column":40}},"149":{"start":{"line":164,"column":2},"end":{"line":164,"column":39}},"150":{"start":{"line":165,"column":2},"end":{"line":165,"column":43}},"151":{"start":{"line":166,"column":2},"end":{"line":166,"column":30}},"152":{"start":{"line":167,"column":2},"end":{"line":167,"column":31}},"153":{"start":{"line":168,"column":2},"end":{"line":168,"column":36}},"154":{"start":{"line":169,"column":21},"end":{"line":169,"column":59}},"155":{"start":{"line":170,"column":2},"end":{"line":176,"column":5}},"156":{"start":{"line":171,"column":4},"end":{"line":171,"column":43}},"157":{"start":{"line":172,"column":4},"end":{"line":172,"column":100}},"158":{"start":{"line":173,"column":4},"end":{"line":173,"column":47}},"159":{"start":{"line":174,"column":4},"end":{"line":174,"column":45}},"160":{"start":{"line":175,"column":4},"end":{"line":175,"column":46}},"161":{"start":{"line":178,"column":25},"end":{"line":178,"column":82}},"162":{"start":{"line":179,"column":2},"end":{"line":196,"column":5}},"163":{"start":{"line":180,"column":27},"end":{"line":180,"column":42}},"164":{"start":{"line":181,"column":30},"end":{"line":181,"column":48}},"165":{"start":{"line":182,"column":4},"end":{"line":195,"column":5}},"166":{"start":{"line":183,"column":6},"end":{"line":183,"column":58}},"167":{"start":{"line":185,"column":6},"end":{"line":185,"column":33}},"168":{"start":{"line":186,"column":22},"end":{"line":190,"column":7}},"169":{"start":{"line":191,"column":6},"end":{"line":194,"column":9}},"170":{"start":{"line":193,"column":8},"end":{"line":193,"column":82}},"171":{"start":{"line":198,"column":2},"end":{"line":198,"column":76}},"172":{"start":{"line":201,"column":21},"end":{"line":202,"column":1}}},"fnMap":{"0":{"name":"(anonymous_0)","decl":{"start":{"line":9,"column":22},"end":{"line":9,"column":23}},"loc":{"start":{"line":9,"column":34},"end":{"line":11,"column":1}},"line":9},"1":{"name":"(anonymous_1)","decl":{"start":{"line":10,"column":2},"end":{"line":10,"column":3}},"loc":{"start":{"line":10,"column":16},"end":{"line":10,"column":31}},"line":10},"2":{"name":"(anonymous_2)","decl":{"start":{"line":13,"column":25},"end":{"line":13,"column":26}},"loc":{"start":{"line":13,"column":41},"end":{"line":30,"column":1}},"line":13},"3":{"name":"(anonymous_3)","decl":{"start":{"line":32,"column":23},"end":{"line":32,"column":24}},"loc":{"start":{"line":32,"column":67},"end":{"line":59,"column":1}},"line":32},"4":{"name":"(anonymous_4)","decl":{"start":{"line":39,"column":29},"end":{"line":39,"column":30}},"loc":{"start":{"line":39,"column":39},"end":{"line":41,"column":3}},"line":39},"5":{"name":"(anonymous_5)","decl":{"start":{"line":44,"column":57},"end":{"line":44,"column":58}},"loc":{"start":{"line":44,"column":71},"end":{"line":58,"column":3}},"line":44},"6":{"name":"(anonymous_6)","decl":{"start":{"line":47,"column":23},"end":{"line":47,"column":24}},"loc":{"start":{"line":47,"column":36},"end":{"line":51,"column":7}},"line":47},"7":{"name":"(anonymous_7)","decl":{"start":{"line":61,"column":25},"end":{"line":61,"column":26}},"loc":{"start":{"line":61,"column":44},"end":{"line":199,"column":1}},"line":61},"8":{"name":"(anonymous_8)","decl":{"start":{"line":170,"column":39},"end":{"line":170,"column":40}},"loc":{"start":{"line":170,"column":45},"end":{"line":176,"column":3}},"line":170},"9":{"name":"(anonymous_9)","decl":{"start":{"line":179,"column":43},"end":{"line":179,"column":44}},"loc":{"start":{"line":179,"column":49},"end":{"line":196,"column":3}},"line":179},"10":{"name":"(anonymous_10)","decl":{"start":{"line":191,"column":62},"end":{"line":191,"column":63}},"loc":{"start":{"line":191,"column":68},"end":{"line":194,"column":7}},"line":191},"11":{"name":"(anonymous_11)","decl":{"start":{"line":201,"column":21},"end":{"line":201,"column":22}},"loc":{"start":{"line":201,"column":27},"end":{"line":202,"column":1}},"line":201}},"branchMap":{"0":{"loc":{"start":{"line":46,"column":4},"end":{"line":57,"column":5}},"type":"if","locations":[{"start":{"line":46,"column":4},"end":{"line":57,"column":5}},{"start":{"line":53,"column":11},"end":{"line":57,"column":5}}],"line":46},"1":{"loc":{"start":{"line":46,"column":8},"end":{"line":46,"column":73}},"type":"binary-expr","locations":[{"start":{"line":46,"column":8},"end":{"line":46,"column":36}},{"start":{"line":46,"column":40},"end":{"line":46,"column":73}}],"line":46},"2":{"loc":{"start":{"line":53,"column":11},"end":{"line":57,"column":5}},"type":"if","locations":[{"start":{"line":53,"column":11},"end":{"line":57,"column":5}},{"start":{},"end":{}}],"line":53},"3":{"loc":{"start":{"line":53,"column":15},"end":{"line":53,"column":76}},"type":"binary-expr","locations":[{"start":{"line":53,"column":15},"end":{"line":53,"column":43}},{"start":{"line":53,"column":47},"end":{"line":53,"column":76}}],"line":53},"4":{"loc":{"start":{"line":129,"column":28},"end":{"line":129,"column":72}},"type":"binary-expr","locations":[{"start":{"line":129,"column":28},"end":{"line":129,"column":52}},{"start":{"line":129,"column":56},"end":{"line":129,"column":72}}],"line":129},"5":{"loc":{"start":{"line":182,"column":4},"end":{"line":195,"column":5}},"type":"if","locations":[{"start":{"line":182,"column":4},"end":{"line":195,"column":5}},{"start":{"line":184,"column":11},"end":{"line":195,"column":5}}],"line":182},"6":{"loc":{"start":{"line":182,"column":8},"end":{"line":182,"column":57}},"type":"binary-expr","locations":[{"start":{"line":182,"column":8},"end":{"line":182,"column":29}},{"start":{"line":182,"column":33},"end":{"line":182,"column":57}}],"line":182}},"s":{"0":1,"1":1,"2":1,"3":1,"4":1,"5":0,"6":0,"7":1,"8":0,"9":0,"10":0,"11":0,"12":0,"13":0,"14":0,"15":0,"16":0,"17":0,"18":0,"19":0,"20":0,"21":0,"22":0,"23":0,"24":1,"25":0,"26":0,"27":0,"28":0,"29":0,"30":0,"31":0,"32":0,"33":0,"34":0,"35":0,"36":0,"37":0,"38":0,"39":0,"40":0,"41":0,"42":0,"43":0,"44":0,"45":0,"46":1,"47":0,"48":0,"49":0,"50":0,"51":0,"52":0,"53":0,"54":0,"55":0,"56":0,"57":0,"58":0,"59":0,"60":0,"61":0,"62":0,"63":0,"64":0,"65":0,"66":0,"67":0,"68":0,"69":0,"70":0,"71":0,"72":0,"73":0,"74":0,"75":0,"76":0,"77":0,"78":0,"79":0,"80":0,"81":0,"82":0,"83":0,"84":0,"85":0,"86":0,"87":0,"88":0,"89":0,"90":0,"91":0,"92":0,"93":0,"94":0,"95":0,"96":0,"97":0,"98":0,"99":0,"100":0,"101":0,"102":0,"103":0,"104":0,"105":0,"106":0,"107":0,"108":0,"109":0,"110":0,"111":0,"112":0,"113":0,"114":0,"115":0,"116":0,"117":0,"118":0,"119":0,"120":0,"121":0,"122":0,"123":0,"124":0,"125":0,"126":0,"127":0,"128":0,"129":0,"130":0,"131":0,"132":0,"133":0,"134":0,"135":0,"136":0,"137":0,"138":0,"139":0,"140":0,"141":0,"142":0,"143":0,"144":0,"145":0,"146":0,"147":0,"148":0,"149":0,"150":0,"151":0,"152":0,"153":0,"154":0,"155":0,"156":0,"157":0,"158":0,"159":0,"160":0,"161":0,"162":0,"163":0,"164":0,"165":0,"166":0,"167":0,"168":0,"169":0,"170":0,"171":0,"172":1},"f":{"0":0,"1":0,"2":0,"3":0,"4":0,"5":0,"6":0,"7":0,"8":0,"9":0,"10":0,"11":0},"b":{"0":[0,0],"1":[0,0],"2":[0,0],"3":[0,0],"4":[0,0],"5":[0,0],"6":[0,0]},"_coverageSchema":"1a1c01bbd47fc00a2c39e90264f33305004495a9","hash":"5b827c7d20a211115e096e101c26871026c2aca7"}
}
